1660651487540	geckodriver	INFO	Listening on 127.0.0.1:64527
1660651490932	mozrunner::runner	INFO	Running command: "C:\\Program Files\\Mozilla Firefox\\firefox.exe" "--marionette" "--remote-debugging-port" "64528" "--remote-allow-hosts" "localhost" "-no-remote" "-profile" "C:\\Users\\user\\AppData\\Local\\Temp\\rust_mozprofileIB6SOi"
1660651491898	Marionette	INFO	Marionette enabled
1660651491908	Marionette	INFO	Listening on port 64544
WebDriver BiDi listening on ws://localhost:64528
Read port: 64544
1660651492092	RemoteAgent	WARN	TLS certificate errors will be ignored for this session
console.warn: SearchSettings: "get: No settings file exists, new profile?" (new NotFoundError("Could not open the file at C:\\Users\\user\\AppData\\Local\\Temp\\rust_mozprofileIB6SOi\\search.json.mozlz4", (void 0)))
DevTools listening on ws://localhost:64528/devtools/browser/ba7e22f3-5f07-4462-ab9b-1fed7193b48c
1660651911866	Marionette	INFO	Stopped listening on port 64544
1660651967777	geckodriver	INFO	Listening on 127.0.0.1:49889
1660651970791	mozrunner::runner	INFO	Running command: "C:\\Program Files\\Mozilla Firefox\\firefox.exe" "--marionette" "--remote-debugging-port" "49890" "--remote-allow-hosts" "localhost" "-no-remote" "-profile" "C:\\Users\\user\\AppData\\Local\\Temp\\rust_mozprofile1eeWZ2"
1660651971551	Marionette	INFO	Marionette enabled
1660651971557	Marionette	INFO	Listening on port 49905
WebDriver BiDi listening on ws://localhost:49890
Read port: 49905
1660651971722	RemoteAgent	WARN	TLS certificate errors will be ignored for this session
console.warn: SearchSettings: "get: No settings file exists, new profile?" (new NotFoundError("Could not open the file at C:\\Users\\user\\AppData\\Local\\Temp\\rust_mozprofile1eeWZ2\\search.json.mozlz4", (void 0)))
DevTools listening on ws://localhost:49890/devtools/browser/80c88f31-7a9e-4821-acf1-bc2b4b84d10c
JavaScript warning: https://pagead2.googlesyndication.com/bg/dJtiYfEJEI0hyw5wQ_g_8NlKRsHdja2JZeZ5T9NF0jg.js line 2 > eval line 1105 > eval line 1 > eval line 1 > eval, line 1: WEBGL_debug_renderer_info is deprecated in Firefox and will be removed. Please use RENDERER.
JavaScript warning: https://pagead2.googlesyndication.com/bg/dJtiYfEJEI0hyw5wQ_g_8NlKRsHdja2JZeZ5T9NF0jg.js line 2 > eval line 2453 > eval line 1 > eval line 1 > eval, line 1: WEBGL_debug_renderer_info is deprecated in Firefox and will be removed. Please use RENDERER.
JavaScript error: , line 0: uncaught exception: 7
JavaScript error: , line 0: uncaught exception: 7
1660651998785	Marionette	INFO	Stopped listening on port 49905
1660652042434	geckodriver	INFO	Listening on 127.0.0.1:50178
1660652045472	mozrunner::runner	INFO	Running command: "C:\\Program Files\\Mozilla Firefox\\firefox.exe" "--marionette" "--remote-debugging-port" "50179" "--remote-allow-hosts" "localhost" "-no-remote" "-profile" "C:\\Users\\user\\AppData\\Local\\Temp\\rust_mozprofileXeB5MC"
1660652045875	Marionette	INFO	Marionette enabled
1660652045882	Marionette	INFO	Listening on port 50201
WebDriver BiDi listening on ws://localhost:50179
Read port: 50201
1660652046030	RemoteAgent	WARN	TLS certificate errors will be ignored for this session
console.warn: SearchSettings: "get: No settings file exists, new profile?" (new NotFoundError("Could not open the file at C:\\Users\\user\\AppData\\Local\\Temp\\rust_mozprofileXeB5MC\\search.json.mozlz4", (void 0)))
DevTools listening on ws://localhost:50179/devtools/browser/492a830f-dd15-4b3b-baa0-8c13ccb16ae7
JavaScript warning: https://pagead2.googlesyndication.com/bg/dJtiYfEJEI0hyw5wQ_g_8NlKRsHdja2JZeZ5T9NF0jg.js line 2 > eval line 2824 > eval line 1 > eval line 1 > eval, line 1: WEBGL_debug_renderer_info is deprecated in Firefox and will be removed. Please use RENDERER.
JavaScript warning: https://pagead2.googlesyndication.com/bg/dJtiYfEJEI0hyw5wQ_g_8NlKRsHdja2JZeZ5T9NF0jg.js line 2 > eval line 241 > eval line 1 > eval line 1 > eval, line 1: WEBGL_debug_renderer_info is deprecated in Firefox and will be removed. Please use RENDERER.
JavaScript error: , line 0: uncaught exception: 7
JavaScript error: , line 0: uncaught exception: 7
1660652095195	Marionette	INFO	Stopped listening on port 50201
[Parent 15016, IPC I/O Parent] WARNING: file /builds/worker/checkouts/gecko/ipc/chromium/src/base/process_util_win.cc:167
1660652211236	geckodriver	INFO	Listening on 127.0.0.1:50752
1660652214263	mozrunner::runner	INFO	Running command: "C:\\Program Files\\Mozilla Firefox\\firefox.exe" "--marionette" "--remote-debugging-port" "50753" "--remote-allow-hosts" "localhost" "-no-remote" "-profile" "C:\\Users\\user\\AppData\\Local\\Temp\\rust_mozprofiledOXOGv"
1660652214667	Marionette	INFO	Marionette enabled
1660652214677	Marionette	INFO	Listening on port 50765
WebDriver BiDi listening on ws://localhost:50753
Read port: 50765
1660652214818	RemoteAgent	WARN	TLS certificate errors will be ignored for this session
console.warn: SearchSettings: "get: No settings file exists, new profile?" (new NotFoundError("Could not open the file at C:\\Users\\user\\AppData\\Local\\Temp\\rust_mozprofiledOXOGv\\search.json.mozlz4", (void 0)))
DevTools listening on ws://localhost:50753/devtools/browser/d719f42c-2c67-43dc-91cf-b5d1981aa1ac
1660652234798	Marionette	INFO	Stopped listening on port 50765
[Parent 12200, IPC I/O Parent] WARNING: file /builds/worker/checkouts/gecko/ipc/chromium/src/base/process_util_win.cc:167
1660652423785	geckodriver	INFO	Listening on 127.0.0.1:51441
1660652426836	mozrunner::runner	INFO	Running command: "C:\\Program Files\\Mozilla Firefox\\firefox.exe" "--marionette" "--remote-debugging-port" "51442" "--remote-allow-hosts" "localhost" "-no-remote" "-profile" "C:\\Users\\user\\AppData\\Local\\Temp\\rust_mozprofilebMmNnz"
1660652427228	Marionette	INFO	Marionette enabled
1660652427234	Marionette	INFO	Listening on port 51459
WebDriver BiDi listening on ws://localhost:51442
Read port: 51459
1660652427383	RemoteAgent	WARN	TLS certificate errors will be ignored for this session
console.warn: SearchSettings: "get: No settings file exists, new profile?" (new NotFoundError("Could not open the file at C:\\Users\\user\\AppData\\Local\\Temp\\rust_mozprofilebMmNnz\\search.json.mozlz4", (void 0)))
DevTools listening on ws://localhost:51442/devtools/browser/4638a10f-b9a9-461a-b7b3-f6271f42824f
JavaScript warning: https://pagead2.googlesyndication.com/bg/dJtiYfEJEI0hyw5wQ_g_8NlKRsHdja2JZeZ5T9NF0jg.js line 2 > eval line 4453 > eval line 1 > eval line 1 > eval, line 1: WEBGL_debug_renderer_info is deprecated in Firefox and will be removed. Please use RENDERER.
JavaScript warning: https://pagead2.googlesyndication.com/bg/dJtiYfEJEI0hyw5wQ_g_8NlKRsHdja2JZeZ5T9NF0jg.js line 2 > eval line 3648 > eval line 1 > eval line 1 > eval, line 1: WEBGL_debug_renderer_info is deprecated in Firefox and will be removed. Please use RENDERER.
JavaScript error: , line 0: uncaught exception: 7
JavaScript error: , line 0: uncaught exception: 7
JavaScript error: , line 0: NS_ERROR_NOT_AVAILABLE
1660653360634	Marionette	INFO	Stopped listening on port 51459
console.warn: TopSitesFeed: Failed to fetch data from Contile server: NetworkError when attempting to fetch resource.
JavaScript error: , line 0: TypeError: NetworkError when attempting to fetch resource.
JavaScript error: , line 0: TypeError: NetworkError when attempting to fetch resource.
e	INFO	Marionette enabled
1660653214408	Marionette	INFO	Listening on port 53710
WebDriver BiDi listening on ws://localhost:53694
Read port: 53710
1660653214562	RemoteAgent	WARN	TLS certificate errors will be ignored for this session
console.warn: SearchSettings: "get: No settings file exists, new profile?" (new NotFoundError("Could not open the file at C:\\Users\\user\\AppData\\Local\\Temp\\rust_mozprofilegapOhX\\search.json.mozlz4", (void 0)))
DevTools listening on ws://localhost:53694/devtools/browser/4407a54c-b20d-4408-a159-075c31ab9b97
JavaScript warning: https://pagead2.googlesyndication.com/bg/dJtiYfEJEI0hyw5wQ_g_8NlKRsHdja2JZeZ5T9NF0jg.js line 2 > eval line 3717 > eval line 1 > eval line 1 > eval, line 1: WEBGL_debug_renderer_info is deprecated in Firefox and will be removed. Please use RENDERER.
JavaScript warning: https://pagead2.googlesyndication.com/bg/dJtiYfEJEI0hyw5wQ_g_8NlKRsHdja2JZeZ5T9NF0jg.js line 2 > eval line 7065 > eval line 1 > eval line 1 > eval, line 1: WEBGL_debug_renderer_info is deprecated in Firefox and will be removed. Please use RENDERER.
JavaScript error: , line 0: uncaught exception: 7
JavaScript error: , line 0: uncaught exception: 7
1660653358956	Marionette	INFO	Stopped listening on port 53710
console.warn: TopSitesFeed: Failed to fetch data from Contile server: NetworkError when attempting to fetch resource.
JavaScript error: , line 0: TypeError: NetworkError when attempting to fetch resource.
JavaScript error: , line 0: TypeError: NetworkError when attempting to fetch resource.
e	INFO	Marionette enabled
1660653242626	Marionette	INFO	Listening on port 53992
WebDriver BiDi listening on ws://localhost:53978
Read port: 53992
1660653242834	RemoteAgent	WARN	TLS certificate errors will be ignored for this session
console.warn: SearchSettings: "get: No settings file exists, new profile?" (new NotFoundError("Could not open the file at C:\\Users\\user\\AppData\\Local\\Temp\\rust_mozprofileM20F2P\\search.json.mozlz4", (void 0)))
DevTools listening on ws://localhost:53978/devtools/browser/10e87c71-ab23-4a8b-94c6-e817cc613cb0
JavaScript warning: https://pagead2.googlesyndication.com/bg/dJtiYfEJEI0hyw5wQ_g_8NlKRsHdja2JZeZ5T9NF0jg.js line 2 > eval line 1241 > eval line 1 > eval line 1 > eval, line 1: WEBGL_debug_renderer_info is deprecated in Firefox and will be removed. Please use RENDERER.
JavaScript warning: https://pagead2.googlesyndication.com/bg/dJtiYfEJEI0hyw5wQ_g_8NlKRsHdja2JZeZ5T9NF0jg.js line 2 > eval line 7078 > eval line 1 > eval line 1 > eval, line 1: WEBGL_debug_renderer_info is deprecated in Firefox and will be removed. Please use RENDERER.
JavaScript error: , line 0: uncaught exception: 7
JavaScript warning: https://pagead2.googlesyndication.com/bg/dJtiYfEJEI0hyw5wQ_g_8NlKRsHdja2JZeZ5T9NF0jg.js line 2 > eval line 2970 > eval line 1 > eval line 1 > eval, line 1: WEBGL_debug_renderer_info is deprecated in Firefox and will be removed. Please use RENDERER.
JavaScript error: , line 0: uncaught exception: 7
1660653355122	Marionette	INFO	Stopped listening on port 53992
console.warn: TopSitesFeed: Failed to fetch data from Contile server: NetworkError when attempting to fetch resource.
JavaScript error: , line 0: TypeError: NetworkError when attempting to fetch resource.
JavaScript error: , line 0: TypeError: NetworkError when attempting to fetch resource.
JavaScript error: , line 0: TypeError: NetworkError when attempting to fetch resource.
1660653858175	geckodriver	INFO	Listening on 127.0.0.1:55865
1660653861198	mozrunner::runner	INFO	Running command: "C:\\Program Files\\Mozilla Firefox\\firefox.exe" "--marionette" "--remote-debugging-port" "55866" "--remote-allow-hosts" "localhost" "-no-remote" "-profile" "C:\\Users\\user\\AppData\\Local\\Temp\\rust_mozprofileKKhOoR"
1660653861904	Marionette	INFO	Marionette enabled
1660653861910	Marionette	INFO	Listening on port 55882
WebDriver BiDi listening on ws://localhost:55866
Read port: 55882
1660653862051	RemoteAgent	WARN	TLS certificate errors will be ignored for this session
console.warn: SearchSettings: "get: No settings file exists, new profile?" (new NotFoundError("Could not open the file at C:\\Users\\user\\AppData\\Local\\Temp\\rust_mozprofileKKhOoR\\search.json.mozlz4", (void 0)))
DevTools listening on ws://localhost:55866/devtools/browser/3a389b41-216f-4a0f-8a71-d38b902a7607
JavaScript warning: https://pagead2.googlesyndication.com/bg/dJtiYfEJEI0hyw5wQ_g_8NlKRsHdja2JZeZ5T9NF0jg.js line 2 > eval line 2499 > eval line 1 > eval line 1 > eval, line 1: WEBGL_debug_renderer_info is deprecated in Firefox and will be removed. Please use RENDERER.
JavaScript warning: https://pagead2.googlesyndication.com/bg/dJtiYfEJEI0hyw5wQ_g_8NlKRsHdja2JZeZ5T9NF0jg.js line 2 > eval line 5571 > eval line 1 > eval line 1 > eval, line 1: WEBGL_debug_renderer_info is deprecated in Firefox and will be removed. Please use RENDERER.
JavaScript error: , line 0: uncaught exception: 7
JavaScript error: , line 0: uncaught exception: 7
1660654212127	Marionette	INFO	Stopped listening on port 55882
JavaScript error: , line 0: TypeError: NetworkError when attempting to fetch resource.
JavaScript error: , line 0: TypeError: NetworkError when attempting to fetch resource.
[Parent 16164, IPC I/O Parent] WARNING: DuplicateHandle failed for handle 0 in TransferHandles: file /builds/worker/checkouts/gecko/ipc/chromium/src/chrome/common/ipc_channel_win.cc:723
n port 56178
WebDriver BiDi listening on ws://localhost:56161
Read port: 56178
1660653916091	RemoteAgent	WARN	TLS certificate errors will be ignored for this session
console.warn: SearchSettings: "get: No settings file exists, new profile?" (new NotFoundError("Could not open the file at C:\\Users\\user\\AppData\\Local\\Temp\\rust_mozprofilePIz0I7\\search.json.mozlz4", (void 0)))
DevTools listening on ws://localhost:56161/devtools/browser/190b94d3-d2ee-4412-8e59-8266d8c7e3a6
console.error: Region.jsm: "Error fetching region" (new Error("TIMEOUT", "resource://gre/modules/Region.jsm", 769))
console.error: Region.jsm: "Failed to fetch region" (new Error("TIMEOUT", "resource://gre/modules/Region.jsm", 421))
JavaScript warning: https://pagead2.googlesyndication.com/bg/dJtiYfEJEI0hyw5wQ_g_8NlKRsHdja2JZeZ5T9NF0jg.js line 2 > eval line 2434 > eval line 1 > eval line 1 > eval, line 1: WEBGL_debug_renderer_info is deprecated in Firefox and will be removed. Please use RENDERER.
JavaScript warning: https://pagead2.googlesyndication.com/bg/dJtiYfEJEI0hyw5wQ_g_8NlKRsHdja2JZeZ5T9NF0jg.js line 2 > eval line 6415 > eval line 1 > eval line 1 > eval, line 1: WEBGL_debug_renderer_info is deprecated in Firefox and will be removed. Please use RENDERER.
JavaScript error: , line 0: uncaught exception: 7
JavaScript error: , line 0: uncaught exception: 7
JavaScript error: , line 0: NS_ERROR_NOT_AVAILABLE
console.error: Region.jsm: "Error fetching region" (new Error("TIMEOUT", "resource://gre/modules/Region.jsm", 769))
console.error: Region.jsm: "Failed to fetch region" (new Error("TIMEOUT", "resource://gre/modules/Region.jsm", 421))
console.error: Region.jsm: "Error fetching region" (new Error("TIMEOUT", "resource://gre/modules/Region.jsm", 769))
console.error: Region.jsm: "Failed to fetch region" (new Error("TIMEOUT", "resource://gre/modules/Region.jsm", 421))
1660666139970	Marionette	INFO	Stopped listening on port 56178
console.warn: TopSitesFeed: Failed to fetch data from Contile server: NetworkError when attempting to fetch resource.
 the file at C:\\Users\\user\\AppData\\Local\\Temp\\rust_mozprofileKXLUFG\\search.json.mozlz4", (void 0)))
DevTools listening on ws://localhost:56665/devtools/browser/82426714-a03e-4157-b206-b1f01cceff8a
1660654043660	Marionette	INFO	Stopped listening on port 56681
[Parent 18184, IPC I/O Parent] WARNING: file /builds/worker/checkouts/gecko/ipc/chromium/src/base/process_util_win.cc:167
1660654155775	geckodriver	INFO	Listening on 127.0.0.1:57095
1660654158821	mozrunner::runner	INFO	Running command: "C:\\Program Files\\Mozilla Firefox\\firefox.exe" "--marionette" "--remote-debugging-port" "57096" "--remote-allow-hosts" "localhost" "-no-remote" "-profile" "C:\\Users\\user\\AppData\\Local\\Temp\\rust_mozprofilePUaN7E"
1660654159733	Marionette	INFO	Marionette enabled
1660654159741	Marionette	INFO	Listening on port 57115
WebDriver BiDi listening on ws://localhost:57096
Read port: 57115
1660654159939	RemoteAgent	WARN	TLS certificate errors will be ignored for this session
console.warn: SearchSettings: "get: No settings file exists, new profile?" (new NotFoundError("Could not open the file at C:\\Users\\user\\AppData\\Local\\Temp\\rust_mozprofilePUaN7E\\search.json.mozlz4", (void 0)))
DevTools listening on ws://localhost:57096/devtools/browser/632b1cef-b311-4a19-8d46-dff584c658b2
JavaScript warning: https://pagead2.googlesyndication.com/bg/dJtiYfEJEI0hyw5wQ_g_8NlKRsHdja2JZeZ5T9NF0jg.js line 2 > eval line 1823 > eval line 1 > eval line 1 > eval, line 1: WEBGL_debug_renderer_info is deprecated in Firefox and will be removed. Please use RENDERER.
JavaScript warning: https://pagead2.googlesyndication.com/bg/dJtiYfEJEI0hyw5wQ_g_8NlKRsHdja2JZeZ5T9NF0jg.js line 2 > eval line 320 > eval line 1 > eval line 1 > eval, line 1: WEBGL_debug_renderer_info is deprecated in Firefox and will be removed. Please use RENDERER.
JavaScript error: , line 0: uncaught exception: 7
JavaScript error: , line 0: uncaught exception: 7
1660654178533	Marionette	INFO	Stopped listening on port 57115
1660654182304	geckodriver	INFO	Listening on 127.0.0.1:57327
1660654185326	mozrunner::runner	INFO	Running command: "C:\\Program Files\\Mozilla Firefox\\firefox.exe" "--marionette" "--remote-debugging-port" "57328" "--remote-allow-hosts" "localhost" "-no-remote" "-profile" "C:\\Users\\user\\AppData\\Local\\Temp\\rust_mozprofilewCVPal"
1660654185793	Marionette	INFO	Marionette enabled
1660654185799	Marionette	INFO	Listening on port 57341
WebDriver BiDi listening on ws://localhost:57328
Read port: 57341
1660654185970	RemoteAgent	WARN	TLS certificate errors will be ignored for this session
console.warn: SearchSettings: "get: No settings file exists, new profile?" (new NotFoundError("Could not open the file at C:\\Users\\user\\AppData\\Local\\Temp\\rust_mozprofilewCVPal\\search.json.mozlz4", (void 0)))
DevTools listening on ws://localhost:57328/devtools/browser/0e456636-110e-42d4-9999-3e2626dd491f
JavaScript warning: https://pagead2.googlesyndication.com/bg/dJtiYfEJEI0hyw5wQ_g_8NlKRsHdja2JZeZ5T9NF0jg.js line 2 > eval line 3554 > eval line 1 > eval line 1 > eval, line 1: WEBGL_debug_renderer_info is deprecated in Firefox and will be removed. Please use RENDERER.
JavaScript warning: https://pagead2.googlesyndication.com/bg/dJtiYfEJEI0hyw5wQ_g_8NlKRsHdja2JZeZ5T9NF0jg.js line 2 > eval line 5395 > eval line 1 > eval line 1 > eval, line 1: WEBGL_debug_renderer_info is deprecated in Firefox and will be removed. Please use RENDERER.
JavaScript error: , line 0: uncaught exception: 7
JavaScript error: , line 0: uncaught exception: 7
1660654206918	Marionette	INFO	Stopped listening on port 57341
1660654212824	geckodriver	INFO	Listening on 127.0.0.1:57574
1660654216042	mozrunner::runner	INFO	Running command: "C:\\Program Files\\Mozilla Firefox\\firefox.exe" "--marionette" "--remote-debugging-port" "57575" "--remote-allow-hosts" "localhost" "-no-remote" "-profile" "C:\\Users\\user\\AppData\\Local\\Temp\\rust_mozprofileJcLpTV"
1660654216720	Marionette	INFO	Marionette enabled
1660654216726	Marionette	INFO	Listening on port 57594
WebDriver BiDi listening on ws://localhost:57575
Read port: 57594
1660654216918	RemoteAgent	WARN	TLS certificate errors will be ignored for this session
console.warn: SearchSettings: "get: No settings file exists, new profile?" (new NotFoundError("Could not open the file at C:\\Users\\user\\AppData\\Local\\Temp\\rust_mozprofileJcLpTV\\search.json.mozlz4", (void 0)))
DevTools listening on ws://localhost:57575/devtools/browser/a6be8cf2-f37d-4215-9546-86180b43d0af
1660654234476	Marionette	INFO	Stopped listening on port 57594
1660654334913	geckodriver	INFO	Listening on 127.0.0.1:58017
1660654337960	mozrunner::runner	INFO	Running command: "C:\\Program Files\\Mozilla Firefox\\firefox.exe" "--marionette" "--remote-debugging-port" "58018" "--remote-allow-hosts" "localhost" "-no-remote" "-profile" "C:\\Users\\user\\AppData\\Local\\Temp\\rust_mozprofilejVpj1A"
1660654338458	Marionette	INFO	Marionette enabled
1660654338466	Marionette	INFO	Listening on port 58057
WebDriver BiDi listening on ws://localhost:58018
Read port: 58057
1660654338631	RemoteAgent	WARN	TLS certificate errors will be ignored for this session
console.warn: SearchSettings: "get: No settings file exists, new profile?" (new NotFoundError("Could not open the file at C:\\Users\\user\\AppData\\Local\\Temp\\rust_mozprofilejVpj1A\\search.json.mozlz4", (void 0)))
DevTools listening on ws://localhost:58018/devtools/browser/92c320bf-e43b-4840-9c27-52222a6b2e25
1660654349685	Marionette	WARN	TimedPromise timed out after 500 ms: stacktrace:
TimedPromise/<@chrome://remote/content/marionette/sync.js:237:24
TimedPromise@chrome://remote/content/marionette/sync.js:222:10
interaction.flushEventLoop@chrome://remote/content/marionette/interaction.js:431:10
webdriverClickElement@chrome://remote/content/marionette/interaction.js:179:31
JavaScript warning: https://pagead2.googlesyndication.com/bg/dJtiYfEJEI0hyw5wQ_g_8NlKRsHdja2JZeZ5T9NF0jg.js line 2 > eval line 5895 > eval line 1 > eval line 1 > eval, line 1: WEBGL_debug_renderer_info is deprecated in Firefox and will be removed. Please use RENDERER.
JavaScript warning: https://pagead2.googlesyndication.com/bg/dJtiYfEJEI0hyw5wQ_g_8NlKRsHdja2JZeZ5T9NF0jg.js line 2 > eval line 5689 > eval line 1 > eval line 1 > eval, line 1: WEBGL_debug_renderer_info is deprecated in Firefox and will be removed. Please use RENDERER.
JavaScript error: , line 0: uncaught exception: 7
1660654360355	Marionette	INFO	Stopped listening on port 58057
[Parent 7644, IPC I/O Parent] WARNING: file /builds/worker/checkouts/gecko/ipc/chromium/src/base/process_util_win.cc:167
JavaScript error: , line 0: TypeError: NetworkError when attempting to fetch resource.
JavaScript error: , line 0: TypeError: NetworkError when attempting to fetch resource.
1660654408627	geckodriver	INFO	Listening on 127.0.0.1:58438
1660654411657	mozrunner::runner	INFO	Running command: "C:\\Program Files\\Mozilla Firefox\\firefox.exe" "--marionette" "--remote-debugging-port" "58439" "--remote-allow-hosts" "localhost" "-no-remote" "-profile" "C:\\Users\\user\\AppData\\Local\\Temp\\rust_mozprofileSf7eo0"
1660654412056	Marionette	INFO	Marionette enabled
1660654412062	Marionette	INFO	Listening on port 58451
WebDriver BiDi listening on ws://localhost:58439
Read port: 58451
1660654412206	RemoteAgent	WARN	TLS certificate errors will be ignored for this session
console.warn: SearchSettings: "get: No settings file exists, new profile?" (new NotFoundError("Could not open the file at C:\\Users\\user\\AppData\\Local\\Temp\\rust_mozprofileSf7eo0\\search.json.mozlz4", (void 0)))
DevTools listening on ws://localhost:58439/devtools/browser/2ecfef69-2c8b-491b-b057-0e869e9c897f
1660654426945	Marionette	WARN	TimedPromise timed out after 500 ms: stacktrace:
TimedPromise/<@chrome://remote/content/marionette/sync.js:237:24
TimedPromise@chrome://remote/content/marionette/sync.js:222:10
interaction.flushEventLoop@chrome://remote/content/marionette/interaction.js:431:10
webdriverClickElement@chrome://remote/content/marionette/interaction.js:179:31
JavaScript warning: https://pagead2.googlesyndication.com/bg/dJtiYfEJEI0hyw5wQ_g_8NlKRsHdja2JZeZ5T9NF0jg.js line 2 > eval line 1900 > eval line 1 > eval line 1 > eval, line 1: WEBGL_debug_renderer_info is deprecated in Firefox and will be removed. Please use RENDERER.
JavaScript warning: https://pagead2.googlesyndication.com/bg/dJtiYfEJEI0hyw5wQ_g_8NlKRsHdja2JZeZ5T9NF0jg.js line 2 > eval line 1096 > eval line 1 > eval line 1 > eval, line 1: WEBGL_debug_renderer_info is deprecated in Firefox and will be removed. Please use RENDERER.
1660654437235	Marionette	INFO	Stopped listening on port 58451
JavaScript error: , line 0: uncaught exception: 7
JavaScript error: , line 0: uncaught exception: 7
JavaScript error: , line 0: TypeError: NetworkError when attempting to fetch resource.
JavaScript error: , line 0: TypeError: NetworkError when attempting to fetch resource.
1660654459912	geckodriver	INFO	Listening on 127.0.0.1:58704
1660654462938	mozrunner::runner	INFO	Running command: "C:\\Program Files\\Mozilla Firefox\\firefox.exe" "--marionette" "--remote-debugging-port" "58705" "--remote-allow-hosts" "localhost" "-no-remote" "-profile" "C:\\Users\\user\\AppData\\Local\\Temp\\rust_mozprofile07ws4x"
1660654463332	Marionette	INFO	Marionette enabled
1660654463339	Marionette	INFO	Listening on port 58727
WebDriver BiDi listening on ws://localhost:58705
Read port: 58727
1660654463496	RemoteAgent	WARN	TLS certificate errors will be ignored for this session
console.warn: SearchSettings: "get: No settings file exists, new profile?" (new NotFoundError("Could not open the file at C:\\Users\\user\\AppData\\Local\\Temp\\rust_mozprofile07ws4x\\search.json.mozlz4", (void 0)))
DevTools listening on ws://localhost:58705/devtools/browser/5891b4df-a840-48e8-ad43-e61e8567f669
1660654471976	Marionette	WARN	TimedPromise timed out after 500 ms: stacktrace:
TimedPromise/<@chrome://remote/content/marionette/sync.js:237:24
TimedPromise@chrome://remote/content/marionette/sync.js:222:10
interaction.flushEventLoop@chrome://remote/content/marionette/interaction.js:431:10
webdriverClickElement@chrome://remote/content/marionette/interaction.js:179:31
JavaScript warning: https://pagead2.googlesyndication.com/bg/dJtiYfEJEI0hyw5wQ_g_8NlKRsHdja2JZeZ5T9NF0jg.js line 2 > eval line 4318 > eval line 1 > eval line 1 > eval, line 1: WEBGL_debug_renderer_info is deprecated in Firefox and will be removed. Please use RENDERER.
JavaScript error: , line 0: uncaught exception: 7
1660654482254	Marionette	INFO	Stopped listening on port 58727
1660654621271	geckodriver	INFO	Listening on 127.0.0.1:59269
1660654624299	mozrunner::runner	INFO	Running command: "C:\\Program Files\\Mozilla Firefox\\firefox.exe" "--marionette" "--remote-debugging-port" "59270" "--remote-allow-hosts" "localhost" "-no-remote" "-profile" "C:\\Users\\user\\AppData\\Local\\Temp\\rust_mozprofilecxGjfz"
1660654624696	Marionette	INFO	Marionette enabled
1660654624701	Marionette	INFO	Listening on port 59282
WebDriver BiDi listening on ws://localhost:59270
Read port: 59282
1660654624843	RemoteAgent	WARN	TLS certificate errors will be ignored for this session
console.warn: SearchSettings: "get: No settings file exists, new profile?" (new NotFoundError("Could not open the file at C:\\Users\\user\\AppData\\Local\\Temp\\rust_mozprofilecxGjfz\\search.json.mozlz4", (void 0)))
DevTools listening on ws://localhost:59270/devtools/browser/c3c6b926-7011-4eeb-9255-a794412ab534
1660654635479	Marionette	WARN	TimedPromise timed out after 500 ms: stacktrace:
TimedPromise/<@chrome://remote/content/marionette/sync.js:237:24
TimedPromise@chrome://remote/content/marionette/sync.js:222:10
interaction.flushEventLoop@chrome://remote/content/marionette/interaction.js:431:10
webdriverClickElement@chrome://remote/content/marionette/interaction.js:179:31
JavaScript warning: https://pagead2.googlesyndication.com/bg/dJtiYfEJEI0hyw5wQ_g_8NlKRsHdja2JZeZ5T9NF0jg.js line 2 > eval line 3668 > eval line 1 > eval line 1 > eval, line 1: WEBGL_debug_renderer_info is deprecated in Firefox and will be removed. Please use RENDERER.
JavaScript warning: https://pagead2.googlesyndication.com/bg/dJtiYfEJEI0hyw5wQ_g_8NlKRsHdja2JZeZ5T9NF0jg.js line 2 > eval line 4034 > eval line 1 > eval line 1 > eval, line 1: WEBGL_debug_renderer_info is deprecated in Firefox and will be removed. Please use RENDERER.
JavaScript error: , line 0: uncaught exception: 7
JavaScript error: , line 0: uncaught exception: 7
1660654645705	Marionette	INFO	Stopped listening on port 59282
[Parent 17384, IPC I/O Parent] WARNING: file /builds/worker/checkouts/gecko/ipc/chromium/src/base/process_util_win.cc:167
1660654726740	geckodriver	INFO	Listening on 127.0.0.1:59645
1660654729798	mozrunner::runner	INFO	Running command: "C:\\Program Files\\Mozilla Firefox\\firefox.exe" "--marionette" "--remote-debugging-port" "59646" "--remote-allow-hosts" "localhost" "-no-remote" "-profile" "C:\\Users\\user\\AppData\\Local\\Temp\\rust_mozprofileEIoEHT"
1660654730314	Marionette	INFO	Marionette enabled
1660654730321	Marionette	INFO	Listening on port 59661
WebDriver BiDi listening on ws://localhost:59646
Read port: 59661
1660654730495	RemoteAgent	WARN	TLS certificate errors will be ignored for this session
console.warn: SearchSettings: "get: No settings file exists, new profile?" (new NotFoundError("Could not open the file at C:\\Users\\user\\AppData\\Local\\Temp\\rust_mozprofileEIoEHT\\search.json.mozlz4", (void 0)))
DevTools listening on ws://localhost:59646/devtools/browser/251f2404-563a-43ba-b378-5c84c58724ec
1660654742094	Marionette	WARN	TimedPromise timed out after 500 ms: stacktrace:
TimedPromise/<@chrome://remote/content/marionette/sync.js:237:24
TimedPromise@chrome://remote/content/marionette/sync.js:222:10
interaction.flushEventLoop@chrome://remote/content/marionette/interaction.js:431:10
webdriverClickElement@chrome://remote/content/marionette/interaction.js:179:31
JavaScript warning: https://pagead2.googlesyndication.com/bg/dJtiYfEJEI0hyw5wQ_g_8NlKRsHdja2JZeZ5T9NF0jg.js line 2 > eval line 1678 > eval line 1 > eval line 1 > eval, line 1: WEBGL_debug_renderer_info is deprecated in Firefox and will be removed. Please use RENDERER.
JavaScript error: , line 0: uncaught exception: 7
1660666142455	Marionette	INFO	Stopped listening on port 59661
console.warn: TopSitesFeed: Failed to fetch data from Contile server: NetworkError when attempting to fetch resource.
remote-debugging-port" "60164" "--remote-allow-hosts" "localhost" "-no-remote" "-profile" "C:\\Users\\user\\AppData\\Local\\Temp\\rust_mozprofileKjP8En"
1660654847879	Marionette	INFO	Marionette enabled
1660654847886	Marionette	INFO	Listening on port 60181
WebDriver BiDi listening on ws://localhost:60164
Read port: 60181
1660654848035	RemoteAgent	WARN	TLS certificate errors will be ignored for this session
console.warn: SearchSettings: "get: No settings file exists, new profile?" (new NotFoundError("Could not open the file at C:\\Users\\user\\AppData\\Local\\Temp\\rust_mozprofileKjP8En\\search.json.mozlz4", (void 0)))
DevTools listening on ws://localhost:60164/devtools/browser/0f0a7681-4fab-496c-b9c2-ce48e00805be
1660654859692	Marionette	WARN	TimedPromise timed out after 500 ms: stacktrace:
TimedPromise/<@chrome://remote/content/marionette/sync.js:237:24
TimedPromise@chrome://remote/content/marionette/sync.js:222:10
interaction.flushEventLoop@chrome://remote/content/marionette/interaction.js:431:10
webdriverClickElement@chrome://remote/content/marionette/interaction.js:179:31
JavaScript warning: https://pagead2.googlesyndication.com/bg/dJtiYfEJEI0hyw5wQ_g_8NlKRsHdja2JZeZ5T9NF0jg.js line 2 > eval line 2581 > eval line 1 > eval line 1 > eval, line 1: WEBGL_debug_renderer_info is deprecated in Firefox and will be removed. Please use RENDERER.
JavaScript warning: https://pagead2.googlesyndication.com/bg/dJtiYfEJEI0hyw5wQ_g_8NlKRsHdja2JZeZ5T9NF0jg.js line 2 > eval line 2659 > eval line 1 > eval line 1 > eval, line 1: WEBGL_debug_renderer_info is deprecated in Firefox and will be removed. Please use RENDERER.
JavaScript error: , line 0: uncaught exception: 7
JavaScript error: , line 0: uncaught exception: 7
1660654870021	Marionette	INFO	Stopped listening on port 60181
1660654878654	geckodriver	INFO	Listening on 127.0.0.1:60435
1660654881688	mozrunner::runner	INFO	Running command: "C:\\Program Files\\Mozilla Firefox\\firefox.exe" "--marionette" "--remote-debugging-port" "60436" "--remote-allow-hosts" "localhost" "-no-remote" "-profile" "C:\\Users\\user\\AppData\\Local\\Temp\\rust_mozprofileBEIBCr"
1660654882317	Marionette	INFO	Marionette enabled
1660654882324	Marionette	INFO	Listening on port 60455
WebDriver BiDi listening on ws://localhost:60436
Read port: 60455
1660654882471	RemoteAgent	WARN	TLS certificate errors will be ignored for this session
console.warn: SearchSettings: "get: No settings file exists, new profile?" (new NotFoundError("Could not open the file at C:\\Users\\user\\AppData\\Local\\Temp\\rust_mozprofileBEIBCr\\search.json.mozlz4", (void 0)))
DevTools listening on ws://localhost:60436/devtools/browser/c544be91-422d-47f1-848f-5a70a25cc426
1660654887981	Marionette	WARN	TimedPromise timed out after 500 ms: stacktrace:
TimedPromise/<@chrome://remote/content/marionette/sync.js:237:24
TimedPromise@chrome://remote/content/marionette/sync.js:222:10
interaction.flushEventLoop@chrome://remote/content/marionette/interaction.js:431:10
webdriverClickElement@chrome://remote/content/marionette/interaction.js:179:31
JavaScript warning: https://pagead2.googlesyndication.com/bg/dJtiYfEJEI0hyw5wQ_g_8NlKRsHdja2JZeZ5T9NF0jg.js line 2 > eval line 5613 > eval line 1 > eval line 1 > eval, line 1: WEBGL_debug_renderer_info is deprecated in Firefox and will be removed. Please use RENDERER.
JavaScript error: , line 0: NotFoundError: Could not move source file(C:\Users\user\AppData\Local\Temp\rust_mozprofileBEIBCr\bookmarkbackups\bookmarks-2022-08-16.jsonlz4) because it does not exist
1660666146200	Marionette	INFO	Stopped listening on port 60455
[Parent 12984, IPC I/O Parent] WARNING: file /builds/worker/checkouts/gecko/ipc/chromium/src/base/process_util_win.cc:167
console.warn: TopSitesFeed: Failed to fetch data from Contile server: NetworkError when attempting to fetch resource.
048
1660654968740	RemoteAgent	WARN	TLS certificate errors will be ignored for this session
console.warn: SearchSettings: "get: No settings file exists, new profile?" (new NotFoundError("Could not open the file at C:\\Users\\user\\AppData\\Local\\Temp\\rust_mozprofileTCx5XY\\search.json.mozlz4", (void 0)))
DevTools listening on ws://localhost:61034/devtools/browser/2df14c93-0ec2-421e-9c06-b75496b1173b
1660654979839	Marionette	WARN	TimedPromise timed out after 500 ms: stacktrace:
TimedPromise/<@chrome://remote/content/marionette/sync.js:237:24
TimedPromise@chrome://remote/content/marionette/sync.js:222:10
interaction.flushEventLoop@chrome://remote/content/marionette/interaction.js:431:10
webdriverClickElement@chrome://remote/content/marionette/interaction.js:179:31
1660654980067	Marionette	INFO	Stopped listening on port 61048
[Parent 14904, IPC I/O Parent] WARNING: file /builds/worker/checkouts/gecko/ipc/chromium/src/base/process_util_win.cc:167
1660655021110	geckodriver	INFO	Listening on 127.0.0.1:61249
1660655024160	mozrunner::runner	INFO	Running command: "C:\\Program Files\\Mozilla Firefox\\firefox.exe" "--marionette" "--remote-debugging-port" "61250" "--remote-allow-hosts" "localhost" "-no-remote" "-profile" "C:\\Users\\user\\AppData\\Local\\Temp\\rust_mozprofile94Sr4i"
1660655024985	Marionette	INFO	Marionette enabled
1660655024994	Marionette	INFO	Listening on port 61271
WebDriver BiDi listening on ws://localhost:61250
Read port: 61271
1660655025187	RemoteAgent	WARN	TLS certificate errors will be ignored for this session
console.warn: SearchSettings: "get: No settings file exists, new profile?" (new NotFoundError("Could not open the file at C:\\Users\\user\\AppData\\Local\\Temp\\rust_mozprofile94Sr4i\\search.json.mozlz4", (void 0)))
DevTools listening on ws://localhost:61250/devtools/browser/4a6ebfc2-def3-4638-ac95-19cdb4eef129
1660655033603	Marionette	WARN	TimedPromise timed out after 500 ms: stacktrace:
TimedPromise/<@chrome://remote/content/marionette/sync.js:237:24
TimedPromise@chrome://remote/content/marionette/sync.js:222:10
interaction.flushEventLoop@chrome://remote/content/marionette/interaction.js:431:10
webdriverClickElement@chrome://remote/content/marionette/interaction.js:179:31
1660655034022	Marionette	INFO	Stopped listening on port 61271
!!! error running onStopped callback: TypeError: callback is not a function
JavaScript error: resource://gre/modules/Sqlite.jsm, line 1109: Error: Sqlite.jsm has been shutdown. Cannot open connection to: C:\Users\user\AppData\Local\Temp\rust_mozprofile94Sr4i\protections.sqlite
1660666130631	geckodriver	INFO	Listening on 127.0.0.1:63263
1660666133673	mozrunner::runner	INFO	Running command: "C:\\Program Files\\Mozilla Firefox\\firefox.exe" "--marionette" "--remote-debugging-port" "63264" "--remote-allow-hosts" "localhost" "-no-remote" "-profile" "C:\\Users\\user\\AppData\\Local\\Temp\\rust_mozprofile6Rl5Rq"
1660666134656	Marionette	INFO	Marionette enabled
1660666134665	Marionette	INFO	Listening on port 63321
WebDriver BiDi listening on ws://localhost:63264
Read port: 63321
1660666134883	RemoteAgent	WARN	TLS certificate errors will be ignored for this session
console.warn: SearchSettings: "get: No settings file exists, new profile?" (new NotFoundError("Could not open the file at C:\\Users\\user\\AppData\\Local\\Temp\\rust_mozprofile6Rl5Rq\\search.json.mozlz4", (void 0)))
DevTools listening on ws://localhost:63264/devtools/browser/d4075232-84bf-4ce5-b97e-b6cd422651c6
1660666153603	Marionette	INFO	Stopped listening on port 63321
console.warn: TopSitesFeed: Failed to fetch data from Contile server: NetworkError when attempting to fetch resource.
1660666160771	geckodriver	INFO	Listening on 127.0.0.1:63635
1660666163808	mozrunner::runner	INFO	Running command: "C:\\Program Files\\Mozilla Firefox\\firefox.exe" "--marionette" "--remote-debugging-port" "63636" "--remote-allow-hosts" "localhost" "-no-remote" "-profile" "C:\\Users\\user\\AppData\\Local\\Temp\\rust_mozprofilehIgpaH"
1660666165190	Marionette	INFO	Marionette enabled
1660666165211	Marionette	INFO	Listening on port 63705
WebDriver BiDi listening on ws://localhost:63636
Read port: 63705
1660666165483	RemoteAgent	WARN	TLS certificate errors will be ignored for this session
console.warn: SearchSettings: "get: No settings file exists, new profile?" (new NotFoundError("Could not open the file at C:\\Users\\user\\AppData\\Local\\Temp\\rust_mozprofilehIgpaH\\search.json.mozlz4", (void 0)))
DevTools listening on ws://localhost:63636/devtools/browser/e48d9d5c-bafe-4017-b7b6-42356c82e11c
1660666178261	Marionette	WARN	TimedPromise timed out after 500 ms: stacktrace:
TimedPromise/<@chrome://remote/content/marionette/sync.js:237:24
TimedPromise@chrome://remote/content/marionette/sync.js:222:10
interaction.flushEventLoop@chrome://remote/content/marionette/interaction.js:431:10
webdriverClickElement@chrome://remote/content/marionette/interaction.js:179:31
JavaScript warning: https://pagead2.googlesyndication.com/bg/dJtiYfEJEI0hyw5wQ_g_8NlKRsHdja2JZeZ5T9NF0jg.js line 2 > eval line 6427 > eval line 1 > eval line 1 > eval, line 1: WEBGL_debug_renderer_info is deprecated in Firefox and will be removed. Please use RENDERER.
JavaScript warning: https://pagead2.googlesyndication.com/bg/dJtiYfEJEI0hyw5wQ_g_8NlKRsHdja2JZeZ5T9NF0jg.js line 2 > eval line 397 > eval line 1 > eval line 1 > eval, line 1: WEBGL_debug_renderer_info is deprecated in Firefox and will be removed. Please use RENDERER.
JavaScript error: , line 0: uncaught exception: 7
JavaScript error: , line 0: uncaught exception: 7
JavaScript error: , line 0: NS_ERROR_NOT_AVAILABLE
JavaScript error: chrome://global/content/elements/browser-custom-element.js, line 1627: Error: permitUnload is already running for this tab.
1660667427744	Marionette	INFO	Stopped listening on port 63705
JavaScript error: chrome://browser/content/browser.js, line 8096: uncaught exception: undefined
console.warn: TopSitesFeed: Failed to fetch data from Contile server: NetworkError when attempting to fetch resource.
JavaScript error: , line 0: TypeError: NetworkError when attempting to fetch resource.
JavaScript error: , line 0: TypeError: NetworkError when attempting to fetch resource.
ists, new profile?" (new NotFoundError("Could not open the file at C:\\Users\\user\\AppData\\Local\\Temp\\rust_mozprofilecIY2rQ\\search.json.mozlz4", (void 0)))
DevTools listening on ws://localhost:64308/devtools/browser/c39cd86f-26c5-42bd-9fb8-b72ccf0b11cc
1660666217551	Marionette	WARN	TimedPromise timed out after 500 ms: stacktrace:
TimedPromise/<@chrome://remote/content/marionette/sync.js:237:24
TimedPromise@chrome://remote/content/marionette/sync.js:222:10
interaction.flushEventLoop@chrome://remote/content/marionette/interaction.js:431:10
webdriverClickElement@chrome://remote/content/marionette/interaction.js:179:31
1660666217770	Marionette	INFO	Stopped listening on port 64367
[Parent 19388, IPC I/O Parent] WARNING: DuplicateHandle failed for handle 0 in TransferHandles: file /builds/worker/checkouts/gecko/ipc/chromium/src/chrome/common/ipc_channel_win.cc:723
[Parent 19388, IPC I/O Parent] WARNING: file /builds/worker/checkouts/gecko/ipc/chromium/src/base/process_util_win.cc:167
1660666255993	geckodriver	INFO	Listening on 127.0.0.1:64966
1660666259076	mozrunner::runner	INFO	Running command: "C:\\Program Files\\Mozilla Firefox\\firefox.exe" "--marionette" "--remote-debugging-port" "64967" "--remote-allow-hosts" "localhost" "-no-remote" "-profile" "C:\\Users\\user\\AppData\\Local\\Temp\\rust_mozprofileUefFQO"
1660666259579	Marionette	INFO	Marionette enabled
1660666259588	Marionette	INFO	Listening on port 65009
WebDriver BiDi listening on ws://localhost:64967
Read port: 65009
1660666259817	RemoteAgent	WARN	TLS certificate errors will be ignored for this session
console.warn: SearchSettings: "get: No settings file exists, new profile?" (new NotFoundError("Could not open the file at C:\\Users\\user\\AppData\\Local\\Temp\\rust_mozprofileUefFQO\\search.json.mozlz4", (void 0)))
DevTools listening on ws://localhost:64967/devtools/browser/9da981cf-19a6-4c79-9c71-dd8d34264d1b
1660666271448	Marionette	WARN	TimedPromise timed out after 500 ms: stacktrace:
TimedPromise/<@chrome://remote/content/marionette/sync.js:237:24
TimedPromise@chrome://remote/content/marionette/sync.js:222:10
interaction.flushEventLoop@chrome://remote/content/marionette/interaction.js:431:10
webdriverClickElement@chrome://remote/content/marionette/interaction.js:179:31
1660666271661	Marionette	INFO	Stopped listening on port 65009
1660666281059	geckodriver	INFO	Listening on 127.0.0.1:65316
1660666284133	mozrunner::runner	INFO	Running command: "C:\\Program Files\\Mozilla Firefox\\firefox.exe" "--marionette" "--remote-debugging-port" "65317" "--remote-allow-hosts" "localhost" "-no-remote" "-profile" "C:\\Users\\user\\AppData\\Local\\Temp\\rust_mozprofilexjbAQT"
1660666284676	Marionette	INFO	Marionette enabled
1660666284687	Marionette	INFO	Listening on port 65359
WebDriver BiDi listening on ws://localhost:65317
Read port: 65359
1660666284890	RemoteAgent	WARN	TLS certificate errors will be ignored for this session
console.warn: SearchSettings: "get: No settings file exists, new profile?" (new NotFoundError("Could not open the file at C:\\Users\\user\\AppData\\Local\\Temp\\rust_mozprofilexjbAQT\\search.json.mozlz4", (void 0)))
DevTools listening on ws://localhost:65317/devtools/browser/b297ee65-5529-4dfb-87fa-ca73ac497700
1660666295905	Marionette	WARN	TimedPromise timed out after 500 ms: stacktrace:
TimedPromise/<@chrome://remote/content/marionette/sync.js:237:24
TimedPromise@chrome://remote/content/marionette/sync.js:222:10
interaction.flushEventLoop@chrome://remote/content/marionette/interaction.js:431:10
webdriverClickElement@chrome://remote/content/marionette/interaction.js:179:31
1660666296117	Marionette	INFO	Stopped listening on port 65359
1660666324404	geckodriver	INFO	Listening on 127.0.0.1:49477
1660666327501	mozrunner::runner	INFO	Running command: "C:\\Program Files\\Mozilla Firefox\\firefox.exe" "--marionette" "--remote-debugging-port" "49478" "--remote-allow-hosts" "localhost" "-no-remote" "-profile" "C:\\Users\\user\\AppData\\Local\\Temp\\rust_mozprofilemY5m3r"
1660666328049	Marionette	INFO	Marionette enabled
1660666328057	Marionette	INFO	Listening on port 49504
WebDriver BiDi listening on ws://localhost:49478
Read port: 49504
1660666328282	RemoteAgent	WARN	TLS certificate errors will be ignored for this session
console.warn: SearchSettings: "get: No settings file exists, new profile?" (new NotFoundError("Could not open the file at C:\\Users\\user\\AppData\\Local\\Temp\\rust_mozprofilemY5m3r\\search.json.mozlz4", (void 0)))
DevTools listening on ws://localhost:49478/devtools/browser/faaed65a-15a7-4cf7-886a-392193d57176
JavaScript warning: https://pagead2.googlesyndication.com/bg/dJtiYfEJEI0hyw5wQ_g_8NlKRsHdja2JZeZ5T9NF0jg.js line 2 > eval line 1887 > eval line 1 > eval line 1 > eval, line 1: WEBGL_debug_renderer_info is deprecated in Firefox and will be removed. Please use RENDERER.
JavaScript warning: https://pagead2.googlesyndication.com/bg/dJtiYfEJEI0hyw5wQ_g_8NlKRsHdja2JZeZ5T9NF0jg.js line 2 > eval line 3046 > eval line 1 > eval line 1 > eval, line 1: WEBGL_debug_renderer_info is deprecated in Firefox and will be removed. Please use RENDERER.
JavaScript error: , line 0: uncaught exception: 7
JavaScript error: , line 0: NS_ERROR_NOT_AVAILABLE
1660667429142	Marionette	INFO	Stopped listening on port 49504
console.warn: TopSitesFeed: Failed to fetch data from Contile server: NetworkError when attempting to fetch resource.
JavaScript error: , line 0: TypeError: NetworkError when attempting to fetch resource.
JavaScript error: , line 0: TypeError: NetworkError when attempting to fetch resource.
INFO	Listening on port 50104
WebDriver BiDi listening on ws://localhost:50059
Read port: 50104
1660666392569	RemoteAgent	WARN	TLS certificate errors will be ignored for this session
console.warn: SearchSettings: "get: No settings file exists, new profile?" (new NotFoundError("Could not open the file at C:\\Users\\user\\AppData\\Local\\Temp\\rust_mozprofileFPvFxr\\search.json.mozlz4", (void 0)))
DevTools listening on ws://localhost:50059/devtools/browser/51822dde-a141-4505-9a43-aeb8e5985e69
JavaScript warning: https://pagead2.googlesyndication.com/bg/dJtiYfEJEI0hyw5wQ_g_8NlKRsHdja2JZeZ5T9NF0jg.js line 2 > eval line 4699 > eval line 1 > eval line 1 > eval, line 1: WEBGL_debug_renderer_info is deprecated in Firefox and will be removed. Please use RENDERER.
JavaScript error: , line 0: uncaught exception: 7
JavaScript error: , line 0: NS_ERROR_NOT_AVAILABLE
1660667436235	Marionette	INFO	Stopped listening on port 50104
console.warn: TopSitesFeed: Failed to fetch data from Contile server: NetworkError when attempting to fetch resource.
JavaScript error: , line 0: TypeError: NetworkError when attempting to fetch resource.
ofile5kH1sR"
1660666577068	Marionette	INFO	Marionette enabled
1660666577081	Marionette	INFO	Listening on port 51485
WebDriver BiDi listening on ws://localhost:51468
Read port: 51485
1660666577486	RemoteAgent	WARN	TLS certificate errors will be ignored for this session
console.warn: SearchSettings: "get: No settings file exists, new profile?" (new NotFoundError("Could not open the file at C:\\Users\\user\\AppData\\Local\\Temp\\rust_mozprofile5kH1sR\\search.json.mozlz4", (void 0)))
DevTools listening on ws://localhost:51468/devtools/browser/81f79c25-5f50-42a1-9568-43fae1466eee
JavaScript warning: https://pagead2.googlesyndication.com/bg/dJtiYfEJEI0hyw5wQ_g_8NlKRsHdja2JZeZ5T9NF0jg.js line 2 > eval line 6449 > eval line 1 > eval line 1 > eval, line 1: WEBGL_debug_renderer_info is deprecated in Firefox and will be removed. Please use RENDERER.
JavaScript warning: https://pagead2.googlesyndication.com/bg/dJtiYfEJEI0hyw5wQ_g_8NlKRsHdja2JZeZ5T9NF0jg.js line 2 > eval line 5453 > eval line 1 > eval line 1 > eval, line 1: WEBGL_debug_renderer_info is deprecated in Firefox and will be removed. Please use RENDERER.
JavaScript error: , line 0: uncaught exception: 7
JavaScript error: , line 0: uncaught exception: 7
JavaScript error: , line 0: NS_ERROR_NOT_AVAILABLE
1660667435159	Marionette	INFO	Stopped listening on port 51485
console.warn: TopSitesFeed: Failed to fetch data from Contile server: NetworkError when attempting to fetch resource.
JavaScript error: , line 0: TypeError: NetworkError when attempting to fetch resource.
JavaScript error: , line 0: TypeError: NetworkError when attempting to fetch resource.
INFO	Listening on port 52214
WebDriver BiDi listening on ws://localhost:52178
Read port: 52214
1660666744033	RemoteAgent	WARN	TLS certificate errors will be ignored for this session
console.warn: SearchSettings: "get: No settings file exists, new profile?" (new NotFoundError("Could not open the file at C:\\Users\\user\\AppData\\Local\\Temp\\rust_mozprofilezd6V6f\\search.json.mozlz4", (void 0)))
DevTools listening on ws://localhost:52178/devtools/browser/803b500e-c5a2-4dfa-bdfa-171734656c04
JavaScript warning: https://pagead2.googlesyndication.com/bg/dJtiYfEJEI0hyw5wQ_g_8NlKRsHdja2JZeZ5T9NF0jg.js line 2 > eval line 5178 > eval line 1 > eval line 1 > eval, line 1: WEBGL_debug_renderer_info is deprecated in Firefox and will be removed. Please use RENDERER.
JavaScript warning: https://pagead2.googlesyndication.com/bg/dJtiYfEJEI0hyw5wQ_g_8NlKRsHdja2JZeZ5T9NF0jg.js line 2 > eval line 4804 > eval line 1 > eval line 1 > eval, line 1: WEBGL_debug_renderer_info is deprecated in Firefox and will be removed. Please use RENDERER.
JavaScript error: , line 0: uncaught exception: 7
JavaScript error: , line 0: uncaught exception: 7
1660667433641	Marionette	INFO	Stopped listening on port 52214
console.warn: TopSitesFeed: Failed to fetch data from Contile server: NetworkError when attempting to fetch resource.
JavaScript error: , line 0: TypeError: NetworkError when attempting to fetch resource.
JavaScript error: , line 0: TypeError: NetworkError when attempting to fetch resource.
e	INFO	Marionette enabled
1660666819793	Marionette	INFO	Listening on port 52639
WebDriver BiDi listening on ws://localhost:52603
Read port: 52639
1660666820157	RemoteAgent	WARN	TLS certificate errors will be ignored for this session
console.warn: SearchSettings: "get: No settings file exists, new profile?" (new NotFoundError("Could not open the file at C:\\Users\\user\\AppData\\Local\\Temp\\rust_mozprofileJQIALt\\search.json.mozlz4", (void 0)))
DevTools listening on ws://localhost:52603/devtools/browser/6fecf9d5-ab88-4b80-84fa-6cf4e9bcbb72
JavaScript warning: https://pagead2.googlesyndication.com/bg/dJtiYfEJEI0hyw5wQ_g_8NlKRsHdja2JZeZ5T9NF0jg.js line 2 > eval line 3589 > eval line 1 > eval line 1 > eval, line 1: WEBGL_debug_renderer_info is deprecated in Firefox and will be removed. Please use RENDERER.
JavaScript warning: https://pagead2.googlesyndication.com/bg/dJtiYfEJEI0hyw5wQ_g_8NlKRsHdja2JZeZ5T9NF0jg.js line 2 > eval line 2214 > eval line 1 > eval line 1 > eval, line 1: WEBGL_debug_renderer_info is deprecated in Firefox and will be removed. Please use RENDERER.
JavaScript error: , line 0: uncaught exception: 7
JavaScript error: , line 0: uncaught exception: 7
1660667432683	Marionette	INFO	Stopped listening on port 52639
console.warn: TopSitesFeed: Failed to fetch data from Contile server: NetworkError when attempting to fetch resource.
JavaScript error: , line 0: TypeError: NetworkError when attempting to fetch resource.
JavaScript error: , line 0: TypeError: NetworkError when attempting to fetch resource.
e	INFO	Marionette enabled
1660666945689	Marionette	INFO	Listening on port 53363
WebDriver BiDi listening on ws://localhost:53338
Read port: 53363
1660666946555	RemoteAgent	WARN	TLS certificate errors will be ignored for this session
console.warn: SearchSettings: "get: No settings file exists, new profile?" (new NotFoundError("Could not open the file at C:\\Users\\user\\AppData\\Local\\Temp\\rust_mozprofileR3GjW5\\search.json.mozlz4", (void 0)))
console.error: Region.jsm: "Error fetching region" (new AbortError("The operation was aborted. ", (void 0), 767))
console.error: Region.jsm: "Failed to fetch region" (new Error("NO_RESULT", "resource://gre/modules/Region.jsm", 421))
DevTools listening on ws://localhost:53338/devtools/browser/a555a5f0-e403-49f3-b8f8-15aff4ae22ac
JavaScript warning: https://pagead2.googlesyndication.com/bg/dJtiYfEJEI0hyw5wQ_g_8NlKRsHdja2JZeZ5T9NF0jg.js line 2 > eval line 68 > eval line 1 > eval line 1 > eval, line 1: WEBGL_debug_renderer_info is deprecated in Firefox and will be removed. Please use RENDERER.
JavaScript error: , line 0: uncaught exception: 7
JavaScript error: , line 0: TypeError: NetworkError when attempting to fetch resource.
1660667292858	Marionette	WARN	TimedPromise timed out after 500 ms: stacktrace:
TimedPromise/<@chrome://remote/content/marionette/sync.js:237:24
TimedPromise@chrome://remote/content/marionette/sync.js:222:10
interaction.flushEventLoop@chrome://remote/content/marionette/interaction.js:431:10
webdriverClickElement@chrome://remote/content/marionette/interaction.js:179:31
JavaScript warning: https://pagead2.googlesyndication.com/bg/dJtiYfEJEI0hyw5wQ_g_8NlKRsHdja2JZeZ5T9NF0jg.js line 2 > eval line 3486 > eval line 1 > eval line 1 > eval, line 1: WEBGL_debug_renderer_info is deprecated in Firefox and will be removed. Please use RENDERER.
JavaScript error: , line 0: uncaught exception: 7
1660667312738	Marionette	WARN	TimedPromise timed out after 500 ms: stacktrace:
TimedPromise/<@chrome://remote/content/marionette/sync.js:237:24
TimedPromise@chrome://remote/content/marionette/sync.js:222:10
interaction.flushEventLoop@chrome://remote/content/marionette/interaction.js:431:10
webdriverClickElement@chrome://remote/content/marionette/interaction.js:179:31
JavaScript warning: https://pagead2.googlesyndication.com/bg/dJtiYfEJEI0hyw5wQ_g_8NlKRsHdja2JZeZ5T9NF0jg.js line 2 > eval line 6732 > eval line 1 > eval line 1 > eval, line 1: WEBGL_debug_renderer_info is deprecated in Firefox and will be removed. Please use RENDERER.
JavaScript error: , line 0: uncaught exception: 7
1660667359962	Marionette	INFO	Stopped listening on port 53363
JavaScript error: , line 0: TypeError: NetworkError when attempting to fetch resource.
1660667393474	geckodriver	INFO	Listening on 127.0.0.1:55009
1660667396518	mozrunner::runner	INFO	Running command: "C:\\Program Files\\Mozilla Firefox\\firefox.exe" "--marionette" "--remote-debugging-port" "55010" "--remote-allow-hosts" "localhost" "-no-remote" "-profile" "C:\\Users\\user\\AppData\\Local\\Temp\\rust_mozprofileqUJ9DS"
1660667397481	Marionette	INFO	Marionette enabled
1660667397493	Marionette	INFO	Listening on port 55037
Read port: 55037
WebDriver BiDi listening on ws://localhost:55010
1660667397731	RemoteAgent	WARN	TLS certificate errors will be ignored for this session
console.warn: SearchSettings: "get: No settings file exists, new profile?" (new NotFoundError("Could not open the file at C:\\Users\\user\\AppData\\Local\\Temp\\rust_mozprofileqUJ9DS\\search.json.mozlz4", (void 0)))
DevTools listening on ws://localhost:55010/devtools/browser/30df13d9-7f10-4075-b332-403fd7d514ef
1660667414155	Marionette	INFO	Stopped listening on port 55037
1660667448774	geckodriver	INFO	Listening on 127.0.0.1:55200
1660667451805	mozrunner::runner	INFO	Running command: "C:\\Program Files\\Mozilla Firefox\\firefox.exe" "--marionette" "--remote-debugging-port" "55201" "--remote-allow-hosts" "localhost" "-no-remote" "-profile" "C:\\Users\\user\\AppData\\Local\\Temp\\rust_mozprofilerb1h1x"
1660667452652	Marionette	INFO	Marionette enabled
1660667452663	Marionette	INFO	Listening on port 55213
WebDriver BiDi listening on ws://localhost:55201
Read port: 55213
1660667452887	RemoteAgent	WARN	TLS certificate errors will be ignored for this session
console.warn: SearchSettings: "get: No settings file exists, new profile?" (new NotFoundError("Could not open the file at C:\\Users\\user\\AppData\\Local\\Temp\\rust_mozprofilerb1h1x\\search.json.mozlz4", (void 0)))
DevTools listening on ws://localhost:55201/devtools/browser/ad6ac135-b777-4ded-8710-11f50b009e33
1660667471522	Marionette	WARN	TimedPromise timed out after 500 ms: stacktrace:
TimedPromise/<@chrome://remote/content/marionette/sync.js:237:24
TimedPromise@chrome://remote/content/marionette/sync.js:222:10
interaction.flushEventLoop@chrome://remote/content/marionette/interaction.js:431:10
webdriverClickElement@chrome://remote/content/marionette/interaction.js:179:31
JavaScript warning: https://pagead2.googlesyndication.com/bg/dJtiYfEJEI0hyw5wQ_g_8NlKRsHdja2JZeZ5T9NF0jg.js line 2 > eval line 5922 > eval line 1 > eval line 1 > eval, line 1: WEBGL_debug_renderer_info is deprecated in Firefox and will be removed. Please use RENDERER.
JavaScript warning: https://pagead2.googlesyndication.com/bg/dJtiYfEJEI0hyw5wQ_g_8NlKRsHdja2JZeZ5T9NF0jg.js line 2 > eval line 6614 > eval line 1 > eval line 1 > eval, line 1: WEBGL_debug_renderer_info is deprecated in Firefox and will be removed. Please use RENDERER.
JavaScript error: , line 0: uncaught exception: 7
JavaScript error: , line 0: uncaught exception: 7
JavaScript error: , line 0: TypeError: NetworkError when attempting to fetch resource.
JavaScript error: , line 0: TypeError: NetworkError when attempting to fetch resource.
JavaScript warning: https://pagead2.googlesyndication.com/bg/dJtiYfEJEI0hyw5wQ_g_8NlKRsHdja2JZeZ5T9NF0jg.js line 2 > eval line 2636 > eval line 1 > eval line 1 > eval, line 1: WEBGL_debug_renderer_info is deprecated in Firefox and will be removed. Please use RENDERER.
JavaScript error: , line 0: uncaught exception: 7
JavaScript error: , line 0: NS_ERROR_NOT_AVAILABLE
JavaScript error: , line 0: TypeError: NetworkError when attempting to fetch resource.
JavaScript warning: https://pagead2.googlesyndication.com/bg/dJtiYfEJEI0hyw5wQ_g_8NlKRsHdja2JZeZ5T9NF0jg.js line 2 > eval line 5835 > eval line 1 > eval line 1 > eval, line 1: WEBGL_debug_renderer_info is deprecated in Firefox and will be removed. Please use RENDERER.
JavaScript error: , line 0: uncaught exception: 7
JavaScript warning: https://pagead2.googlesyndication.com/bg/dJtiYfEJEI0hyw5wQ_g_8NlKRsHdja2JZeZ5T9NF0jg.js line 2 > eval line 7061 > eval line 1 > eval line 1 > eval, line 1: WEBGL_debug_renderer_info is deprecated in Firefox and will be removed. Please use RENDERER.
JavaScript error: , line 0: uncaught exception: 7
JavaScript error: chrome://global/content/elements/browser-custom-element.js, line 1627: Error: permitUnload is already running for this tab.
1660669113845	Marionette	INFO	Stopped listening on port 55213
[Parent 20832, IPC I/O Parent] WARNING: file /builds/worker/checkouts/gecko/ipc/chromium/src/base/process_util_win.cc:167
JavaScript error: , line 0: TypeError: NetworkError when attempting to fetch resource.
JavaScript error: , line 0: TypeError: NetworkError when attempting to fetch resource.
console.warn: TopSitesFeed: Failed to fetch data from Contile server: NetworkError when attempting to fetch resource.
